2026-07-09 10:50:10,177 - __main__ - INFO - ==================================================
2026-07-09 10:50:10,177 - __main__ - INFO - 开始执行驾驶舱数据更新流程
2026-07-09 10:50:10,178 - __main__ - INFO - ==================================================
2026-07-09 10:50:10,178 - __main__ - INFO - [1/3] 开始导入底表数据...
2026-07-09 10:50:11,031 - scripts.db_connector - INFO - MySQL数据库连接成功
2026-07-09 10:50:11,031 - scripts.data_importer - INFO - 开始导入第 20260703 - 20260709 周数据
2026-07-09 10:50:32,299 - __main__ - INFO - ==================================================
2026-07-09 10:50:32,300 - __main__ - INFO - 开始执行驾驶舱数据更新流程
2026-07-09 10:50:32,301 - __main__ - INFO - ==================================================
2026-07-09 10:50:32,301 - __main__ - INFO - [1/3] 开始导入底表数据...
2026-07-09 10:50:32,583 - scripts.db_connector - INFO - MySQL数据库连接成功
2026-07-09 10:50:32,583 - scripts.data_importer - INFO - 开始导入第 20260703 - 20260709 周数据
2026-07-09 10:50:42,617 - __main__ - INFO - ==================================================
2026-07-09 10:50:42,618 - __main__ - INFO - 开始执行驾驶舱数据更新流程
2026-07-09 10:50:42,618 - __main__ - INFO - ==================================================
2026-07-09 10:50:42,619 - __main__ - INFO - [1/3] 开始导入底表数据...
2026-07-09 10:50:42,812 - scripts.db_connector - INFO - MySQL数据库连接成功
2026-07-09 10:50:42,812 - scripts.data_importer - INFO - 开始导入第 20260703 - 20260709 周数据
2026-07-09 10:50:43,359 - scripts.data_importer - INFO - 读取 dpad704.csv: 28198 条记录
2026-07-09 10:50:48,007 - scripts.db_connector - INFO - 成功写入 28198 条记录到 dpad_table
2026-07-09 10:50:48,148 - scripts.data_importer - INFO - 读取 付款704.csv: 15850 条记录
2026-07-09 10:50:50,636 - scripts.db_connector - INFO - 成功写入 15850 条记录到 payment_table
2026-07-09 10:50:50,658 - scripts.data_importer - INFO - 读取 图远704.csv: 1225 条记录
2026-07-09 10:50:50,948 - scripts.db_connector - INFO - 成功写入 1225 条记录到 tuyuan_table
2026-07-09 10:50:50,948 - scripts.data_importer - INFO - 导入完成: {'dpad_table': 28198, 'payment_table': 15850, 'tuyuan_table': 1225}
2026-07-09 10:50:50,948 - __main__ - INFO - [1/3] 导入完成: {'dpad_table': 28198, 'payment_table': 15850, 'tuyuan_table': 1225}
2026-07-09 10:50:50,949 - __main__ - INFO - [2/3] 开始刷新中间表...
2026-07-09 10:50:51,017 - scripts.db_connector - INFO - MySQL数据库连接成功
2026-07-09 10:50:52,350 - scripts.etl_refresh - INFO - SQL执行成功
2026-07-09 10:50:53,588 - scripts.etl_refresh - INFO - SQL执行成功
2026-07-09 10:50:53,895 - scripts.etl_refresh - INFO - SQL执行成功
2026-07-09 10:50:54,533 - scripts.etl_refresh - INFO - SQL执行成功
2026-07-09 10:50:54,534 - scripts.etl_refresh - INFO - ETL刷新完成: {'decision_inflow': True, 'decision_outflow': True, 'payment_inflow': True, 'payment_outflow': True}
2026-07-09 10:50:54,534 - __main__ - INFO - [2/3] ETL完成: {'decision_inflow': True, 'decision_outflow': True, 'payment_inflow': True, 'payment_outflow': True}
2026-07-09 10:50:54,534 - __main__ - INFO - [3/3] 验证中间表数据...
2026-07-09 10:50:54,534 - __main__ - INFO - ==================================================
2026-07-09 10:50:54,535 - __main__ - INFO - ✅ 驾驶舱数据更新完成！
2026-07-09 10:50:54,535 - __main__ - INFO - ==================================================
2026-07-09 10:50:54,538 - scripts.db_connector - INFO - 数据库连接已关闭
2026-07-09 10:50:54,540 - scripts.db_connector - INFO - 数据库连接已关闭
2026-07-09 15:03:30,533 - __main__ - INFO - ==================================================
2026-07-09 15:03:30,534 - __main__ - INFO - 开始执行驾驶舱数据更新流程
2026-07-09 15:03:30,535 - __main__ - INFO - ==================================================
2026-07-09 15:03:30,536 - __main__ - INFO - [1/3] 开始导入底表数据...
2026-07-09 15:03:32,721 - scripts.db_connector - INFO - MySQL数据库连接成功
2026-07-09 15:03:32,721 - scripts.data_importer - INFO - 开始导入第 20260703 - 20260709 周数据
2026-07-09 15:03:35,011 - scripts.data_importer - INFO - 读取 dpad704.csv: 28198 条记录
2026-07-09 15:03:48,819 - scripts.db_connector - INFO - 成功写入 28198 条记录到 dpad_table
2026-07-09 15:03:49,514 - scripts.data_importer - INFO - 读取 付款704.csv: 15850 条记录
2026-07-09 15:03:55,630 - scripts.db_connector - INFO - 成功写入 15850 条记录到 payment_table
2026-07-09 15:03:55,674 - scripts.data_importer - INFO - 读取 图远704.csv: 1225 条记录
2026-07-09 15:03:56,218 - scripts.db_connector - INFO - 成功写入 1225 条记录到 tuyuan_table
2026-07-09 15:03:56,219 - scripts.data_importer - INFO - 导入完成: {'dpad_table': 28198, 'payment_table': 15850, 'tuyuan_table': 1225}
2026-07-09 15:03:56,219 - __main__ - INFO - [1/3] 导入完成: {'dpad_table': 28198, 'payment_table': 15850, 'tuyuan_table': 1225}
2026-07-09 15:03:56,219 - __main__ - INFO - [2/3] 开始刷新中间表...
2026-07-09 15:03:56,342 - scripts.db_connector - INFO - MySQL数据库连接成功
2026-07-09 15:03:57,928 - scripts.etl_refresh - INFO - SQL执行成功
2026-07-09 15:03:59,059 - scripts.etl_refresh - INFO - SQL执行成功
2026-07-09 15:03:59,692 - scripts.etl_refresh - INFO - SQL执行成功
2026-07-09 15:04:00,314 - scripts.etl_refresh - INFO - SQL执行成功
2026-07-09 15:04:00,314 - scripts.etl_refresh - INFO - ETL刷新完成: {'decision_inflow': True, 'decision_outflow': True, 'payment_inflow': True, 'payment_outflow': True}
2026-07-09 15:04:00,314 - __main__ - INFO - [2/3] ETL完成: {'decision_inflow': True, 'decision_outflow': True, 'payment_inflow': True, 'payment_outflow': True}
2026-07-09 15:04:00,314 - __main__ - INFO - [3/3] 验证中间表数据...
2026-07-09 15:04:00,315 - __main__ - INFO - ==================================================
2026-07-09 15:04:00,315 - __main__ - INFO - ✅ 驾驶舱数据更新完成！
2026-07-09 15:04:00,315 - __main__ - INFO - ==================================================
2026-07-09 15:04:00,317 - scripts.db_connector - INFO - 数据库连接已关闭
2026-07-09 15:04:00,318 - scripts.db_connector - INFO - 数据库连接已关闭
