2026-07-08 13:22:32,500 - __main__ - INFO - ==================================================
2026-07-08 13:22:32,500 - __main__ - INFO - 开始执行驾驶舱数据更新流程
2026-07-08 13:22:32,501 - __main__ - INFO - ==================================================
2026-07-08 13:22:32,502 - __main__ - INFO - [1/3] 开始导入底表数据...
2026-07-08 13:22:33,606 - scripts.db_connector - INFO - MySQL数据库连接成功
2026-07-08 13:22:33,606 - scripts.data_importer - INFO - 开始导入第 20260702 - 20260708 周数据
2026-07-08 13:22:34,152 - scripts.data_importer - INFO - 读取 dpad704.csv: 28198 条记录
2026-07-08 13:22:42,051 - scripts.db_connector - INFO - 成功写入 28198 条记录到 dpad_table
2026-07-08 13:22:42,257 - scripts.data_importer - INFO - 读取 付款704.csv: 15850 条记录
2026-07-08 13:22:45,799 - scripts.db_connector - INFO - 成功写入 15850 条记录到 payment_table
2026-07-08 13:22:45,823 - scripts.data_importer - INFO - 读取 图远704.csv: 1225 条记录
2026-07-08 13:22:46,136 - scripts.db_connector - INFO - 成功写入 1225 条记录到 tuyuan_table
2026-07-08 13:22:46,137 - scripts.data_importer - INFO - 导入完成: {'dpad_table': 28198, 'payment_table': 15850, 'tuyuan_table': 1225}
2026-07-08 13:22:46,137 - __main__ - INFO - [1/3] 导入完成: {'dpad_table': 28198, 'payment_table': 15850, 'tuyuan_table': 1225}
2026-07-08 13:22:46,137 - __main__ - INFO - [2/3] 开始刷新中间表...
2026-07-08 13:22:46,220 - scripts.db_connector - INFO - MySQL数据库连接成功
2026-07-08 13:22:47,679 - scripts.etl_refresh - INFO - SQL执行成功
2026-07-08 13:22:48,530 - scripts.etl_refresh - INFO - SQL执行成功
2026-07-08 13:22:48,878 - scripts.etl_refresh - INFO - SQL执行成功
2026-07-08 13:22:49,262 - scripts.etl_refresh - INFO - SQL执行成功
2026-07-08 13:22:49,262 - scripts.etl_refresh - INFO - ETL刷新完成: {'decision_inflow': True, 'decision_outflow': True, 'payment_inflow': True, 'payment_outflow': True}
2026-07-08 13:22:49,262 - __main__ - INFO - [2/3] ETL完成: {'decision_inflow': True, 'decision_outflow': True, 'payment_inflow': True, 'payment_outflow': True}
2026-07-08 13:22:49,262 - __main__ - INFO - [3/3] 验证中间表数据...
2026-07-08 13:22:49,262 - __main__ - INFO - ==================================================
2026-07-08 13:22:49,263 - __main__ - INFO - ✅ 驾驶舱数据更新完成！
2026-07-08 13:22:49,263 - __main__ - INFO - ==================================================
2026-07-08 13:22:49,265 - scripts.db_connector - INFO - 数据库连接已关闭
2026-07-08 13:22:49,266 - scripts.db_connector - INFO - 数据库连接已关闭
